# JRE version: OpenJDK Runtime Environment (11.0.11+9) (build 11.0.11+9-b60-7590822)
# Java VM: OpenJDK 64-Bit Server VM (11.0.11+9-b60-7590822, mixed mode, tiered, compressed oops, g1 gc, windows-amd64)
Heap:
 garbage-first heap   total 258048K, used 134220K [0x0000000080000000, 0x0000000100000000)
  region size 1024K, 88 young (90112K), 4 survivors (4096K)
 Metaspace       used 65108K, capacity 66800K, committed 67184K, reserved 1107968K
  class space    used 8245K, capacity 8897K, committed 9036K, reserved 1048576K
GC Heap History (14 events):
Event: 1.258 GC heap before
{Heap before GC invocations=0 (full 0):
 garbage-first heap   total 258048K, used 29696K [0x0000000080000000, 0x0000000100000000)
  region size 1024K, 24 young (24576K), 0 survivors (0K)
 Metaspace       used 9849K, capacity 10056K, committed 10112K, reserved 1058816K
  class space    used 1021K, capacity 1101K, committed 1152K, reserved 1048576K
}
Event: 1.267 GC heap after
{Heap after GC invocations=1 (full 0):
 garbage-first heap   total 258048K, used 8913K [0x0000000080000000, 0x0000000100000000)
  region size 1024K, 3 young (3072K), 3 survivors (3072K)
 Metaspace       used 9849K, capacity 10056K, committed 10112K, reserved 1058816K
  class space    used 1021K, capacity 1101K, committed 1152K, reserved 1048576K
}
Event: 4.469 GC heap before
{Heap before GC invocations=1 (full 0):
 garbage-first heap   total 258048K, used 108241K [0x0000000080000000, 0x0000000100000000)
  region size 1024K, 101 young (103424K), 3 survivors (3072K)
 Metaspace       used 20745K, capacity 21170K, committed 21296K, reserved 1069056K
  class space    used 2529K, capacity 2658K, committed 2688K, reserved 1048576K
}
Event: 4.483 GC heap after
{Heap after GC invocations=2 (full 0):
 garbage-first heap   total 258048K, used 16547K [0x0000000080000000, 0x0000000100000000)
  region size 1024K, 11 young (11264K), 11 survivors (11264K)
 Metaspace       used 20745K, capacity 21170K, committed 21296K, reserved 1069056K
  class space    used 2529K, capacity 2658K, committed 2688K, reserved 1048576K
}
Event: 5.506 GC heap before
{Heap before GC invocations=3 (full 0):
 garbage-first heap   total 258048K, used 62627K [0x0000000080000000, 0x0000000100000000)
  region size 1024K, 56 young (57344K), 11 survivors (11264K)
 Metaspace       used 25128K, capacity 25712K, committed 25904K, reserved 1071104K
  class space    used 3236K, capacity 3433K, committed 3456K, reserved 1048576K
}
Event: 5.517 GC heap after
{Heap after GC invocations=4 (full 0):
 garbage-first heap   total 258048K, used 18993K [0x0000000080000000, 0x0000000100000000)
  region size 1024K, 3 young (3072K), 3 survivors (3072K)
 Metaspace       used 25128K, capacity 25712K, committed 25904K, reserved 1071104K
  class space    used 3236K, capacity 3433K, committed 3456K, reserved 1048576K
}
Event: 7.760 GC heap before
{Heap before GC invocations=4 (full 0):
 garbage-first heap   total 258048K, used 86577K [0x0000000080000000, 0x0000000100000000)
  region size 1024K, 70 young (71680K), 3 survivors (3072K)
 Metaspace       used 34818K, capacity 35605K, committed 35708K, reserved 1081344K
  class space    used 4504K, capacity 4822K, committed 4864K, reserved 1048576K
}
Event: 7.772 GC heap after
{Heap after GC invocations=5 (full 0):
 garbage-first heap   total 258048K, used 22312K [0x0000000080000000, 0x0000000100000000)
  region size 1024K, 6 young (6144K), 6 survivors (6144K)
 Metaspace       used 34818K, capacity 35605K, committed 35708K, reserved 1081344K
  class space    used 4504K, capacity 4822K, committed 4864K, reserved 1048576K
}
Event: 10.997 GC heap before
{Heap before GC invocations=6 (full 0):
 garbage-first heap   total 258048K, used 144168K [0x0000000080000000, 0x0000000100000000)
  region size 1024K, 122 young (124928K), 6 survivors (6144K)
 Metaspace       used 44718K, capacity 45779K, committed 45948K, reserved 1089536K
  class space    used 5711K, capacity 6129K, committed 6144K, reserved 1048576K
}
Event: 11.012 GC heap after
{Heap after GC invocations=7 (full 0):
 garbage-first heap   total 258048K, used 29492K [0x0000000080000000, 0x0000000100000000)
  region size 1024K, 13 young (13312K), 13 survivors (13312K)
 Metaspace       used 44718K, capacity 45779K, committed 45948K, reserved 1089536K
  class space    used 5711K, capacity 6129K, committed 6144K, reserved 1048576K
}
Event: 13.810 GC heap before
{Heap before GC invocations=7 (full 0):
 garbage-first heap   total 258048K, used 171828K [0x0000000080000000, 0x0000000100000000)
  region size 1024K, 148 young (151552K), 13 survivors (13312K)
 Metaspace       used 53287K, capacity 54716K, committed 54908K, reserved 1097728K
  class space    used 6758K, capacity 7318K, committed 7424K, reserved 1048576K
}
Event: 13.822 GC heap after
{Heap after GC invocations=8 (full 0):
 garbage-first heap   total 258048K, used 46604K [0x0000000080000000, 0x0000000100000000)
  region size 1024K, 19 young (19456K), 19 survivors (19456K)
 Metaspace       used 53287K, capacity 54716K, committed 54908K, reserved 1097728K
  class space    used 6758K, capacity 7318K, committed 7424K, reserved 1048576K
}
Event: 15.492 GC heap before
{Heap before GC invocations=8 (full 0):
 garbage-first heap   total 258048K, used 79372K [0x0000000080000000, 0x0000000100000000)
  region size 1024K, 52 young (53248K), 19 survivors (19456K)
 Metaspace       used 58452K, capacity 59905K, committed 59940K, reserved 1101824K
  class space    used 7391K, capacity 7934K, committed 7936K, reserved 1048576K
}
Event: 15.524 GC heap after
{Heap after GC invocations=9 (full 0):
 garbage-first heap   total 258048K, used 49228K [0x0000000080000000, 0x0000000100000000)
  region size 1024K, 4 young (4096K), 4 survivors (4096K)
 Metaspace       used 58452K, capacity 59905K, committed 59940K, reserved 1101824K
  class space    used 7391K, capacity 7934K, committed 7936K, reserved 1048576K
}

